Removed Pin From Net: NetName=VBUS Pin=C14-2
Removed Pin From Net: NetName=VBUS Pin=C15-2
Removed Pin From Net: NetName=VBUS Pin=C16-2
Removed Pin From Net: NetName=VBUS Pin=C17-2
Removed Pin From Net: NetName=VBUS Pin=C18-2
Removed Pin From Net: NetName=VBUS Pin=C19-2
Removed Pin From Net: NetName=VBUS Pin=C20-2
Removed Pin From Net: NetName=VBUS Pin=C21-2
Removed Pin From Net: NetName=VBUS Pin=LED2-1
Removed Pin From Net: NetName=VBUS Pin=LED3-1
Removed Pin From Net: NetName=VBUS Pin=LED4-1
Removed Pin From Net: NetName=VBUS Pin=LED5-1
Removed Pin From Net: NetName=VBUS Pin=LED6-1
Removed Pin From Net: NetName=VBUS Pin=LED7-1
Removed Pin From Net: NetName=VBUS Pin=LED8-1
Removed Pin From Net: NetName=VBUS Pin=LED9-1
Removed Pin From Net: NetName=GPIO4 Pin=P3-1
Removed Pin From Net: NetName=GPIO5 Pin=P3-2
Removed Pin From Net: NetName=GPIO9 Pin=P3-3
Removed Pin From Net: NetName=GPIO10 Pin=P3-4
Removed Pin From Net: NetName=GPIO12 Pin=P3-5
Added Pin To Net: NetName=VBAT Pin=C14-2
Added Pin To Net: NetName=VBAT Pin=C15-2
Added Pin To Net: NetName=VBAT Pin=C16-2
Added Pin To Net: NetName=VBAT Pin=C17-2
Added Pin To Net: NetName=VBAT Pin=C18-2
Added Pin To Net: NetName=VBAT Pin=C19-2
Added Pin To Net: NetName=VBAT Pin=C20-2
Added Pin To Net: NetName=VBAT Pin=C21-2
Added Pin To Net: NetName=VBAT Pin=LED2-1
Added Pin To Net: NetName=VBAT Pin=LED3-1
Added Pin To Net: NetName=VBAT Pin=LED4-1
Added Pin To Net: NetName=VBAT Pin=LED5-1
Added Pin To Net: NetName=VBAT Pin=LED6-1
Added Pin To Net: NetName=VBAT Pin=LED7-1
Added Pin To Net: NetName=VBAT Pin=LED8-1
Added Pin To Net: NetName=VBAT Pin=LED9-1
Added Pin To Net: NetName=3V3 Pin=P3-1
Added Pin To Net: NetName=GPIO4 Pin=P3-2
Added Pin To Net: NetName=GPIO5 Pin=P3-3
Added Pin To Net: NetName=GPIO9 Pin=P3-4
Added Pin To Net: NetName=GPIO10 Pin=P3-5
Added Class: Name=Sheet1
Added Room: Name=Sheet1
